This file contains any messages produced by compilers while
running configure, to aid debugging if configure makes a mistake.

It was created by rblcheckd configure 1.0a, which was
generated by GNU Autoconf 2.53.  Invocation command line was

  $ ./configure 

## --------- ##
## Platform. ##
## --------- ##

hostname = esx1-2.cluecentral.net
uname -m = amd64
uname -r = 9.2-RELEASE
uname -s = FreeBSD
uname -v = FreeBSD 9.2-RELEASE #0: Sun Dec 22 14:58:23 PST 2013     root@esx1-2.cluecentral.net:/usr/obj/usr/src/sys/CLUECENTRAL 

/usr/bin/uname -p = amd64
/bin/uname -X     = unknown

/bin/arch              = unknown
/usr/bin/arch -k       = unknown
/usr/convex/getsysinfo = unknown
hostinfo               = unknown
/bin/machine           = unknown
/usr/bin/oslevel       = unknown
/bin/universe          = unknown

PATH: /sbin
PATH: /bin
PATH: /usr/sbin
PATH: /usr/bin
PATH: /usr/games
PATH: /usr/local/sbin
PATH: /usr/local/bin
PATH: /home/sabri/bin


## ----------- ##
## Core tests. ##
## ----------- ##

configure:1233: checking build system type
configure:1251: result: amd64-unknown-freebsd9.2
configure:1259: checking host system type
configure:1273: result: amd64-unknown-freebsd9.2
configure:1355: checking for a BSD-compatible install
configure:1409: result: /usr/bin/install -c
configure:1420: checking whether make sets ${MAKE}
configure:1440: result: yes
configure:1495: checking for gcc
configure:1511: found /usr/bin/gcc
configure:1521: result: gcc
configure:1765: checking for C compiler version
configure:1768: gcc --version </dev/null >&5
gcc (GCC) 4.2.1 20070831 patched [FreeBSD]
Copyright (C) 2007 Free Software Foundation, Inc.
This is free software; see the source for copying conditions.  There is NO
warranty; not even for MERCHANTABILITY or FITNESS FOR A PARTICULAR PURPOSE.

configure:1771: $? = 0
configure:1773: gcc -v </dev/null >&5
Using built-in specs.
Target: amd64-undermydesk-freebsd
Configured with: FreeBSD/amd64 system compiler
Thread model: posix
gcc version 4.2.1 20070831 patched [FreeBSD]
configure:1776: $? = 0
configure:1778: gcc -V </dev/null >&5
gcc: '-V' option must have argument
configure:1781: $? = 1
configure:1807: checking for C compiler default output
configure:1810: gcc   -ldevstat  conftest.c  >&5
configure:1813: $? = 0
configure:1846: result: a.out
configure:1851: checking whether the C compiler works
configure:1857: ./a.out
configure:1860: $? = 0
configure:1875: result: yes
configure:1882: checking whether we are cross compiling
configure:1884: result: no
configure:1887: checking for suffix of executables
configure:1889: gcc -o conftest   -ldevstat  conftest.c  >&5
configure:1892: $? = 0
configure:1914: result: 
configure:1920: checking for suffix of object files
configure:1944: gcc -c   conftest.c >&5
configure:1947: $? = 0
configure:1966: result: o
configure:1970: checking whether we are using the GNU C compiler
configure:1997: gcc -c   conftest.c >&5
configure:2000: $? = 0
configure:2003: test -s conftest.o
configure:2006: $? = 0
configure:2018: result: yes
configure:2024: checking whether gcc accepts -g
configure:2048: gcc -c -g  conftest.c >&5
configure:2051: $? = 0
configure:2054: test -s conftest.o
configure:2057: $? = 0
configure:2067: result: yes
configure:2094: gcc -c -g -O2  conftest.c >&5
conftest.c:2: error: expected '=', ',', ';', 'asm' or '__attribute__' before 'me'
configure:2097: $? = 1
configure: failed program was:
#ifndef __cplusplus
  choke me
#endif
configure:2215: checking how to run the C preprocessor
configure:2241: gcc -E  conftest.c
configure:2247: $? = 0
configure:2274: gcc -E  conftest.c
configure:2271:28: error: ac_nonexistent.h: No such file or directory
configure:2280: $? = 1
configure: failed program was:
#line 2270 "configure"
#include "confdefs.h"
#include <ac_nonexistent.h>
configure:2317: result: gcc -E
configure:2332: gcc -E  conftest.c
configure:2338: $? = 0
configure:2365: gcc -E  conftest.c
configure:2362:28: error: ac_nonexistent.h: No such file or directory
configure:2371: $? = 1
configure: failed program was:
#line 2361 "configure"
#include "confdefs.h"
#include <ac_nonexistent.h>
configure:2411: checking for ANSI C header files
configure:2425: gcc -E  conftest.c
configure:2431: $? = 0
configure:2518: gcc -o conftest -g -O2  -ldevstat  conftest.c  >&5
configure: In function 'main':
configure:2510: warning: incompatible implicit declaration of built-in function 'exit'
configure:2521: $? = 0
configure:2523: ./conftest
configure:2526: $? = 0
configure:2540: result: yes
configure:2564: checking for sys/types.h
configure:2577: gcc -c -g -O2  conftest.c >&5
configure:2580: $? = 0
configure:2583: test -s conftest.o
configure:2586: $? = 0
configure:2596: result: yes
configure:2564: checking for sys/stat.h
configure:2577: gcc -c -g -O2  conftest.c >&5
configure:2580: $? = 0
configure:2583: test -s conftest.o
configure:2586: $? = 0
configure:2596: result: yes
configure:2564: checking for stdlib.h
configure:2577: gcc -c -g -O2  conftest.c >&5
configure:2580: $? = 0
configure:2583: test -s conftest.o
configure:2586: $? = 0
configure:2596: result: yes
configure:2564: checking for string.h
configure:2577: gcc -c -g -O2  conftest.c >&5
configure:2580: $? = 0
configure:2583: test -s conftest.o
configure:2586: $? = 0
configure:2596: result: yes
configure:2564: checking for memory.h
configure:2577: gcc -c -g -O2  conftest.c >&5
configure:2580: $? = 0
configure:2583: test -s conftest.o
configure:2586: $? = 0
configure:2596: result: yes
configure:2564: checking for strings.h
configure:2577: gcc -c -g -O2  conftest.c >&5
configure:2580: $? = 0
configure:2583: test -s conftest.o
configure:2586: $? = 0
configure:2596: result: yes
configure:2564: checking for inttypes.h
configure:2577: gcc -c -g -O2  conftest.c >&5
configure:2580: $? = 0
configure:2583: test -s conftest.o
configure:2586: $? = 0
configure:2596: result: yes
configure:2564: checking for stdint.h
configure:2577: gcc -c -g -O2  conftest.c >&5
configure:2580: $? = 0
configure:2583: test -s conftest.o
configure:2586: $? = 0
configure:2596: result: yes
configure:2564: checking for unistd.h
configure:2577: gcc -c -g -O2  conftest.c >&5
configure:2580: $? = 0
configure:2583: test -s conftest.o
configure:2586: $? = 0
configure:2596: result: yes
configure:2627: checking arpa/nameser.h usability
configure:2636: gcc -c -g -O2  conftest.c >&5
configure:2639: $? = 0
configure:2642: test -s conftest.o
configure:2645: $? = 0
configure:2654: result: yes
configure:2658: checking arpa/nameser.h presence
configure:2665: gcc -E  conftest.c
configure:2671: $? = 0
configure:2689: result: yes
configure:2707: checking for arpa/nameser.h
configure:2714: result: yes
configure:2618: checking for sys/stat.h
configure:2623: result: yes
configure:2627: checking netdb.h usability
configure:2636: gcc -c -g -O2  conftest.c >&5
configure:2639: $? = 0
configure:2642: test -s conftest.o
configure:2645: $? = 0
configure:2654: result: yes
configure:2658: checking netdb.h presence
configure:2665: gcc -E  conftest.c
configure:2671: $? = 0
configure:2689: result: yes
configure:2707: checking for netdb.h
configure:2714: result: yes
configure:2627: checking sys/uio.h usability
configure:2636: gcc -c -g -O2  conftest.c >&5
configure:2639: $? = 0
configure:2642: test -s conftest.o
configure:2645: $? = 0
configure:2654: result: yes
configure:2658: checking sys/uio.h presence
configure:2665: gcc -E  conftest.c
configure:2671: $? = 0
configure:2689: result: yes
configure:2707: checking for sys/uio.h
configure:2714: result: yes
configure:2627: checking syslog.h usability
configure:2636: gcc -c -g -O2  conftest.c >&5
configure:2639: $? = 0
configure:2642: test -s conftest.o
configure:2645: $? = 0
configure:2654: result: yes
configure:2658: checking syslog.h presence
configure:2665: gcc -E  conftest.c
configure:2671: $? = 0
configure:2689: result: yes
configure:2707: checking for syslog.h
configure:2714: result: yes
configure:2627: checking fcntl.h usability
configure:2636: gcc -c -g -O2  conftest.c >&5
configure:2639: $? = 0
configure:2642: test -s conftest.o
configure:2645: $? = 0
configure:2654: result: yes
configure:2658: checking fcntl.h presence
configure:2665: gcc -E  conftest.c
configure:2671: $? = 0
configure:2689: result: yes
configure:2707: checking for fcntl.h
configure:2714: result: yes
configure:2735: checking for syslog.h
configure:2740: result: yes
configure:2744: checking errno.h usability
configure:2753: gcc -c -g -O2  conftest.c >&5
configure:2756: $? = 0
configure:2759: test -s conftest.o
configure:2762: $? = 0
configure:2771: result: yes
configure:2775: checking errno.h presence
configure:2782: gcc -E  conftest.c
configure:2788: $? = 0
configure:2806: result: yes
configure:2824: checking for errno.h
configure:2831: result: yes
configure:2744: checking arpa/inet.h usability
configure:2753: gcc -c -g -O2  conftest.c >&5
configure:2756: $? = 0
configure:2759: test -s conftest.o
configure:2762: $? = 0
configure:2771: result: yes
configure:2775: checking arpa/inet.h presence
configure:2782: gcc -E  conftest.c
configure:2788: $? = 0
configure:2806: result: yes
configure:2824: checking for arpa/inet.h
configure:2831: result: yes
configure:2744: checking netinet/in.h usability
configure:2753: gcc -c -g -O2  conftest.c >&5
configure:2756: $? = 0
configure:2759: test -s conftest.o
configure:2762: $? = 0
configure:2771: result: yes
configure:2775: checking netinet/in.h presence
configure:2782: gcc -E  conftest.c
configure:2788: $? = 0
configure:2806: result: yes
configure:2824: checking for netinet/in.h
configure:2831: result: yes
configure:2859: checking sys/socket.h usability
configure:2868: gcc -c -g -O2  conftest.c >&5
configure:2871: $? = 0
configure:2874: test -s conftest.o
configure:2877: $? = 0
configure:2886: result: yes
configure:2890: checking sys/socket.h presence
configure:2897: gcc -E  conftest.c
configure:2903: $? = 0
configure:2921: result: yes
configure:2939: checking for sys/socket.h
configure:2946: result: yes
configure:2850: checking for sys/types.h
configure:2855: result: yes
configure:2974: checking sys/endian.h usability
configure:2983: gcc -c -g -O2  conftest.c >&5
configure:2986: $? = 0
configure:2989: test -s conftest.o
configure:2992: $? = 0
configure:3001: result: yes
configure:3005: checking sys/endian.h presence
configure:3012: gcc -E  conftest.c
configure:3018: $? = 0
configure:3036: result: yes
configure:3054: checking for sys/endian.h
configure:3061: result: yes
configure:2974: checking endian.h usability
configure:2983: gcc -c -g -O2  conftest.c >&5
configure:3012:20: error: endian.h: No such file or directory
configure:2986: $? = 1
configure: failed program was:
#line 2977 "configure"
#include "confdefs.h"
#include <stdio.h>
#if HAVE_SYS_TYPES_H
# include <sys/types.h>
#endif
#if HAVE_SYS_STAT_H
# include <sys/stat.h>
#endif
#if STDC_HEADERS
# include <stdlib.h>
# include <stddef.h>
#else
# if HAVE_STDLIB_H
#  include <stdlib.h>
# endif
#endif
#if HAVE_STRING_H
# if !STDC_HEADERS && HAVE_MEMORY_H
#  include <memory.h>
# endif
# include <string.h>
#endif
#if HAVE_STRINGS_H
# include <strings.h>
#endif
#if HAVE_INTTYPES_H
# include <inttypes.h>
#else
# if HAVE_STDINT_H
#  include <stdint.h>
# endif
#endif
#if HAVE_UNISTD_H
# include <unistd.h>
#endif
#include <endian.h>
configure:3001: result: no
configure:3005: checking endian.h presence
configure:3012: gcc -E  conftest.c
configure:3009:20: error: endian.h: No such file or directory
configure:3018: $? = 1
configure: failed program was:
#line 3008 "configure"
#include "confdefs.h"
#include <endian.h>
configure:3036: result: no
configure:3054: checking for endian.h
configure:3061: result: no
configure:3076: checking for gcc option to accept ANSI C
configure:3139: gcc  -c -g -O2  conftest.c >&5
configure:3142: $? = 0
configure:3145: test -s conftest.o
configure:3148: $? = 0
configure:3165: result: none needed
configure:3173: checking for an ANSI C-conforming const
configure:3243: gcc -c -g -O2  conftest.c >&5
configure:3246: $? = 0
configure:3249: test -s conftest.o
configure:3252: $? = 0
configure:3262: result: yes
configure:3272: checking whether byte ordering is bigendian
configure:3302: gcc -c -g -O2  conftest.c >&5
configure:3305: $? = 0
configure:3308: test -s conftest.o
configure:3311: $? = 0
configure:3338: gcc -c -g -O2  conftest.c >&5
configure: In function 'main':
configure:3329: error: 'not' undeclared (first use in this function)
configure:3329: error: (Each undeclared identifier is reported only once
configure:3329: error: for each function it appears in.)
configure:3329: error: expected ';' before 'big'
configure:3341: $? = 1
configure: failed program was:
#line 3315 "configure"
#include "confdefs.h"
#include <sys/types.h>
#include <sys/param.h>

#ifdef F77_DUMMY_MAIN
#  ifdef __cplusplus
     extern "C"
#  endif
   int F77_DUMMY_MAIN() { return 1; }
#endif
int
main ()
{
#if BYTE_ORDER != BIG_ENDIAN
 not big endian
#endif

  ;
  return 0;
}
configure:3455: result: no
configure:3474: checking for off_t
configure:3501: gcc -c -g -O2  conftest.c >&5
configure:3504: $? = 0
configure:3507: test -s conftest.o
configure:3510: $? = 0
configure:3520: result: yes
configure:3532: checking for size_t
configure:3559: gcc -c -g -O2  conftest.c >&5
configure:3562: $? = 0
configure:3565: test -s conftest.o
configure:3568: $? = 0
configure:3578: result: yes
configure:3590: checking whether time.h and sys/time.h may both be included
configure:3618: gcc -c -g -O2  conftest.c >&5
configure:3621: $? = 0
configure:3624: test -s conftest.o
configure:3627: $? = 0
configure:3637: result: yes
configure:3648: checking for ssize_t
configure:3675: gcc -c -g -O2  conftest.c >&5
configure:3678: $? = 0
configure:3681: test -s conftest.o
configure:3684: $? = 0
configure:3694: result: yes
configure:3706: checking for uint8_t
configure:3733: gcc -c -g -O2  conftest.c >&5
configure:3736: $? = 0
configure:3739: test -s conftest.o
configure:3742: $? = 0
configure:3752: result: yes
configure:3755: checking size of uint8_t
configure:4033: gcc -o conftest -g -O2  -ldevstat  conftest.c  >&5
configure:4036: $? = 0
configure:4038: ./conftest
configure:4041: $? = 0
configure:4061: result: 1
configure:4068: checking for uint16_t
configure:4095: gcc -c -g -O2  conftest.c >&5
configure:4098: $? = 0
configure:4101: test -s conftest.o
configure:4104: $? = 0
configure:4114: result: yes
configure:4117: checking size of uint16_t
configure:4395: gcc -o conftest -g -O2  -ldevstat  conftest.c  >&5
configure:4398: $? = 0
configure:4400: ./conftest
configure:4403: $? = 0
configure:4423: result: 2
configure:4430: checking for uint32_t
configure:4457: gcc -c -g -O2  conftest.c >&5
configure:4460: $? = 0
configure:4463: test -s conftest.o
configure:4466: $? = 0
configure:4476: result: yes
configure:4479: checking size of uint32_t
configure:4757: gcc -o conftest -g -O2  -ldevstat  conftest.c  >&5
configure:4760: $? = 0
configure:4762: ./conftest
configure:4765: $? = 0
configure:4785: result: 4
configure:4799: checking for stdlib.h
configure:4804: result: yes
configure:4908: checking for working malloc
configure:4940: gcc -o conftest -g -O2  -ldevstat  conftest.c  >&5
configure:4943: $? = 0
configure:4945: ./conftest
configure:4948: $? = 0
configure:4961: result: yes
configure:4971: checking whether lstat dereferences a symlink specified with a trailing slash
configure:5005: gcc -o conftest -g -O2  -ldevstat  conftest.c  >&5
configure:5008: $? = 0
configure:5010: ./conftest
configure:5013: $? = 0
configure:5033: result: yes
configure:5047: checking whether stat accepts an empty string
configure:5075: gcc -o conftest -g -O2  -ldevstat  conftest.c  >&5
configure:5078: $? = 0
configure:5080: ./conftest
configure:5083: $? = 1
configure: program exited with status 1
configure: failed program was:
#line 5056 "configure"
#include "confdefs.h"
#include <stdio.h>
#if HAVE_SYS_TYPES_H
# include <sys/types.h>
#endif
#if HAVE_SYS_STAT_H
# include <sys/stat.h>
#endif
#if STDC_HEADERS
# include <stdlib.h>
# include <stddef.h>
#else
# if HAVE_STDLIB_H
#  include <stdlib.h>
# endif
#endif
#if HAVE_STRING_H
# if !STDC_HEADERS && HAVE_MEMORY_H
#  include <memory.h>
# endif
# include <string.h>
#endif
#if HAVE_STRINGS_H
# include <strings.h>
#endif
#if HAVE_INTTYPES_H
# include <inttypes.h>
#else
# if HAVE_STDINT_H
#  include <stdint.h>
# endif
#endif
#if HAVE_UNISTD_H
# include <unistd.h>
#endif
#ifdef F77_DUMMY_MAIN
#  ifdef __cplusplus
     extern "C"
#  endif
   int F77_DUMMY_MAIN() { return 1; }
#endif
int
main ()
{
struct stat sbuf;
  exit (stat ("", &sbuf) ? 1 : 0);
  ;
  return 0;
}
configure:5096: result: no
configure:5111: checking for vprintf
configure:5154: gcc -o conftest -g -O2  -ldevstat  conftest.c  >&5
configure:5127: warning: conflicting types for built-in function 'vprintf'
configure:5157: $? = 0
configure:5160: test -s conftest
configure:5163: $? = 0
configure:5173: result: yes
configure:5180: checking for _doprnt
configure:5223: gcc -o conftest -g -O2  -ldevstat  conftest.c  >&5
/tmp//ccmTO8Wq.o: In function `main':
/home/sabri/codebase/zeusd/configure:5214: undefined reference to `_doprnt'
configure:5226: $? = 1
configure: failed program was:
#line 5186 "configure"
#include "confdefs.h"
/* System header to define __stub macros and hopefully few prototypes,
    which can conflict with char _doprnt (); below.  */
#include <assert.h>
/* Override any gcc2 internal prototype to avoid an error.  */
#ifdef __cplusplus
extern "C"
#endif
/* We use char because int might match the return type of a gcc2
   builtin and then its argument prototype would still apply.  */
char _doprnt ();
char (*f) ();

#ifdef F77_DUMMY_MAIN
#  ifdef __cplusplus
     extern "C"
#  endif
   int F77_DUMMY_MAIN() { return 1; }
#endif
int
main ()
{
/* The GNU C library defines this for functions which it implements
    to always fail with ENOSYS.  Some functions are actually named
    something starting with __ and the normal name is an alias.  */
#if defined (__stub__doprnt) || defined (__stub____doprnt)
choke me
#else
f = _doprnt;
#endif

  ;
  return 0;
}
configure:5242: result: no
configure:5260: checking for strlcpy
configure:5303: gcc -o conftest -g -O2  -ldevstat  conftest.c  >&5
configure:5306: $? = 0
configure:5309: test -s conftest
configure:5312: $? = 0
configure:5322: result: yes
configure:5420: creating ./config.status

## ---------------------- ##
## Running config.status. ##
## ---------------------- ##

This file was extended by rblcheckd config.status 1.0a, which was
generated by GNU Autoconf 2.53.  Invocation command line was

  CONFIG_FILES    = 
  CONFIG_HEADERS  = 
  CONFIG_LINKS    = 
  CONFIG_COMMANDS = 
  $ ./config.status 

on esx1-2.cluecentral.net

config.status:578: creating Makefile
config.status:682: creating config.h

## ---------------- ##
## Cache variables. ##
## ---------------- ##

ac_cv_build=amd64-unknown-freebsd9.2
ac_cv_build_alias=amd64-unknown-freebsd9.2
ac_cv_c_bigendian=no
ac_cv_c_compiler_gnu=yes
ac_cv_c_const=yes
ac_cv_env_CC_set=''
ac_cv_env_CC_value=''
ac_cv_env_CFLAGS_set=''
ac_cv_env_CFLAGS_value=''
ac_cv_env_CPPFLAGS_set=''
ac_cv_env_CPPFLAGS_value=''
ac_cv_env_CPP_set=''
ac_cv_env_CPP_value=''
ac_cv_env_LDFLAGS_set=''
ac_cv_env_LDFLAGS_value=''
ac_cv_env_build_alias_set=''
ac_cv_env_build_alias_value=''
ac_cv_env_host_alias_set=''
ac_cv_env_host_alias_value=''
ac_cv_env_target_alias_set=''
ac_cv_env_target_alias_value=''
ac_cv_exeext=''
ac_cv_func__doprnt=no
ac_cv_func_lstat_dereferences_slashed_symlink=yes
ac_cv_func_malloc_works=yes
ac_cv_func_stat_empty_string_bug=no
ac_cv_func_strlcpy=yes
ac_cv_func_vprintf=yes
ac_cv_header_arpa_inet_h=yes
ac_cv_header_arpa_nameser_h=yes
ac_cv_header_endian_h=no
ac_cv_header_errno_h=yes
ac_cv_header_fcntl_h=yes
ac_cv_header_inttypes_h=yes
ac_cv_header_memory_h=yes
ac_cv_header_netdb_h=yes
ac_cv_header_netinet_in_h=yes
ac_cv_header_stdc=yes
ac_cv_header_stdint_h=yes
ac_cv_header_stdlib_h=yes
ac_cv_header_string_h=yes
ac_cv_header_strings_h=yes
ac_cv_header_sys_endian_h=yes
ac_cv_header_sys_socket_h=yes
ac_cv_header_sys_stat_h=yes
ac_cv_header_sys_types_h=yes
ac_cv_header_sys_uio_h=yes
ac_cv_header_syslog_h=yes
ac_cv_header_time=yes
ac_cv_header_unistd_h=yes
ac_cv_host=amd64-unknown-freebsd9.2
ac_cv_host_alias=amd64-unknown-freebsd9.2
ac_cv_objext=o
ac_cv_path_install='/usr/bin/install -c'
ac_cv_prog_CPP='gcc -E'
ac_cv_prog_ac_ct_CC=gcc
ac_cv_prog_cc_g=yes
ac_cv_prog_cc_stdc=''
ac_cv_prog_make_make_set=yes
ac_cv_sizeof_uint16_t=2
ac_cv_sizeof_uint32_t=4
ac_cv_sizeof_uint8_t=1
ac_cv_type_off_t=yes
ac_cv_type_size_t=yes
ac_cv_type_ssize_t=yes
ac_cv_type_uint16_t=yes
ac_cv_type_uint32_t=yes
ac_cv_type_uint8_t=yes

## ----------- ##
## confdefs.h. ##
## ----------- ##

#define PACKAGE_NAME "zeusd"
#define PACKAGE_TARNAME "zeusd"
#define PACKAGE_VERSION "1.0a"
#define PACKAGE_STRING "zeusd 1.0a"
#define PACKAGE_BUGREPORT "sabri@cluecentral.net"
#define STDC_HEADERS 1
#define HAVE_SYS_TYPES_H 1
#define HAVE_SYS_STAT_H 1
#define HAVE_STDLIB_H 1
#define HAVE_STRING_H 1
#define HAVE_MEMORY_H 1
#define HAVE_STRINGS_H 1
#define HAVE_INTTYPES_H 1
#define HAVE_STDINT_H 1
#define HAVE_UNISTD_H 1
#define HAVE_ARPA_NAMESER_H 1
#define HAVE_SYS_STAT_H 1
#define HAVE_NETDB_H 1
#define HAVE_SYS_UIO_H 1
#define HAVE_SYSLOG_H 1
#define HAVE_FCNTL_H 1
#define HAVE_SYSLOG_H 1
#define HAVE_ERRNO_H 1
#define HAVE_ARPA_INET_H 1
#define HAVE_NETINET_IN_H 1
#define HAVE_SYS_SOCKET_H 1
#define HAVE_SYS_TYPES_H 1
#define HAVE_SYS_ENDIAN_H 1
#define TIME_WITH_SYS_TIME 1
#define SIZEOF_UINT8_T 1
#define SIZEOF_UINT16_T 2
#define SIZEOF_UINT32_T 4
#define HAVE_STDLIB_H 1
#define HAVE_MALLOC 1
#define LSTAT_FOLLOWS_SLASHED_SYMLINK 1
#define HAVE_VPRINTF 1
#define HAVE_STRLCPY 1

configure: exit 0
